<?xml version="1.0" encoding="UTF-8"?>
<testng-results skipped="0" failed="0" total="1" passed="1">
  <reporter-output>
  </reporter-output>
  <suite name="Default suite" duration-ms="4295" started-at="2021-04-27T14:08:08Z" finished-at="2021-04-27T14:08:12Z">
    <groups>
    </groups>
    <test name="Default test" duration-ms="4295" started-at="2021-04-27T14:08:08Z" finished-at="2021-04-27T14:08:12Z">
      <class name="Logintest">
        <test-method status="PASS" signature="login()[pri:0, instance:Logintest@59fa1d9b]" name="login" duration-ms="4266" started-at="2021-04-27T19:38:08Z" finished-at="2021-04-27T19:38:12Z">
          <reporter-output>
          </reporter-output>
        </test-method> <!-- login -->
      </class> <!-- Logintest -->
    </test> <!-- Default test -->
  </suite> <!-- Default suite -->
</testng-results>
